<?xml version="1.0" encoding="UTF-8"?>
<robot generator="Robot 7.4.2 (Python 3.14.3 on win32)" generated="2026-04-02T11:51:40.055476" rpa="false" schemaversion="5">
<suite id="s1" name="Demo1 Suite" source="C:\AutomationSession\AutomationProject\demo5_db\demo1_suite.robot">
<kw name="Connect To Database" owner="DatabaseLibrary" type="SETUP">
<msg time="2026-04-02T11:51:40.132374" level="INFO">Looking for configuration file: 'resources\db.cfg'</msg>
<msg time="2026-04-02T11:51:40.132463" level="INFO">Configuration file doesn't exist</msg>
<msg time="2026-04-02T11:51:40.148091" level="INFO">Connect to DB using : pymysql.connect(db='sql8821965', user='sql8821965', passwd=***, host='sql8.freesqldatabase.com', port=3306, charset='utf8mb4')</msg>
<msg time="2026-04-02T11:51:42.196686" level="FAIL">OperationalError: (2003, "Can't connect to MySQL server on 'sql8.freesqldatabase.com' ([WinError 10061] No connection could be made because the target machine actively refused it)")</msg>
<arg>db_module=pymysql</arg>
<arg>db_name=sql8821965</arg>
<arg>db_user=sql8821965</arg>
<arg>db_password=QTwZRZ7Un3</arg>
<arg>db_host=sql8.freesqldatabase.com</arg>
<arg>db_port=3306</arg>
<doc>Creates a database connection using the DB API 2.0 ``db_module`` and the parameters provided.
Along with listed commonly used arguments (`db_name`, `db_host` etc.)
you can set any other DB module specific parameters as key/value pairs.</doc>
<status status="FAIL" start="2026-04-02T11:51:40.132029" elapsed="2.066312">OperationalError: (2003, "Can't connect to MySQL server on 'sql8.freesqldatabase.com' ([WinError 10061] No connection could be made because the target machine actively refused it)")</status>
</kw>
<test id="s1-t1" name="TC1" line="11">
<status status="FAIL" start="2026-04-02T11:51:42.198538" elapsed="0.000470">Parent suite setup failed:
OperationalError: (2003, "Can't connect to MySQL server on 'sql8.freesqldatabase.com' ([WinError 10061] No connection could be made because the target machine actively refused it)")</status>
</test>
<kw name="Disconnect From All Databases" owner="DatabaseLibrary" type="TEARDOWN">
<doc>Disconnects from all the databases -
useful when testing with multiple database connections (aliases).</doc>
<status status="PASS" start="2026-04-02T11:51:42.199867" elapsed="0.000148"/>
</kw>
<status status="FAIL" start="2026-04-02T11:51:40.057185" elapsed="2.142873">Suite setup failed:
OperationalError: (2003, "Can't connect to MySQL server on 'sql8.freesqldatabase.com' ([WinError 10061] No connection could be made because the target machine actively refused it)")</status>
</suite>
<statistics>
<total>
<stat pass="0" fail="1" skip="0">All Tests</stat>
</total>
<tag>
</tag>
<suite>
<stat name="Demo1 Suite" id="s1" pass="0" fail="1" skip="0">Demo1 Suite</stat>
</suite>
</statistics>
<errors>
</errors>
</robot>
