<?xml version="1.0" encoding="UTF-8"?>
<robot generator="Robot 7.4.2 (Python 3.14.3 on win32)" generated="2026-04-01T14:38:14.695873" rpa="false" schemaversion="5">
<suite id="s1" name="Demo5 Advance Suite" source="C:\AutomationSession\AutomationProject\demo3_selenium_suite\demo5_advance_suite.robot">
<test id="s1-t1" name="TC4 Javascript Option 2 Using QuerySelector" line="44">
<kw name="Open Browser" owner="SeleniumLibrary">
<msg time="2026-04-01T14:38:15.017780" level="INFO">Opening browser 'chrome' to base url 'None'.</msg>
<arg>browser=chrome</arg>
<doc>Opens a new browser instance to the optional ``url``.</doc>
<status status="PASS" start="2026-04-01T14:38:15.016965" elapsed="0.790156"/>
</kw>
<kw name="Maximize Browser Window" owner="SeleniumLibrary">
<doc>Maximizes current browser window.</doc>
<status status="PASS" start="2026-04-01T14:38:15.807916" elapsed="0.036502"/>
</kw>
<kw name="Set Selenium Implicit Wait" owner="SeleniumLibrary">
<arg>20s</arg>
<doc>Sets the implicit wait value used by Selenium.</doc>
<status status="PASS" start="2026-04-01T14:38:15.845167" elapsed="0.001511"/>
</kw>
<kw name="Go To" owner="SeleniumLibrary">
<msg time="2026-04-01T14:38:15.847366" level="INFO">Opening url 'https://demo.openemr.io/b/openemr/interface/login/login.php?site=default'</msg>
<arg>url=https://demo.openemr.io/b/openemr/interface/login/login.php?site=default</arg>
<doc>Navigates the current browser window to the provided ``url``.</doc>
<status status="PASS" start="2026-04-01T14:38:15.847123" elapsed="15.027529"/>
</kw>
<kw name="Get WebElement" owner="SeleniumLibrary">
<msg time="2026-04-01T14:38:30.906247" level="INFO">${ele} = &lt;selenium.webdriver.remote.webelement.WebElement (session="0df599c13291114901a399450e4d66d7", element="f.A91AE1CE2D326437DCC595D33BBD9EFD.d.CF2932DE899FC1A8B4728EB00408FDC5.e.4")&gt;</msg>
<var>${ele}</var>
<arg>xpath=//input[@id='authUser']</arg>
<doc>Returns the first WebElement matching the given ``locator``.</doc>
<status status="PASS" start="2026-04-01T14:38:30.875036" elapsed="0.031410"/>
</kw>
<kw name="Execute Javascript" owner="SeleniumLibrary">
<msg time="2026-04-01T14:38:30.907658" level="INFO">Executing JavaScript:
arguments[0].value='jack'
By using argument:
'&lt;selenium.webdriver.remote.webelement.WebElement (session="0df599c13291114901a399450e4d66d7", element="f.A91AE1CE2D326437DCC595D33BBD9EFD.d.CF2932DE899FC1A8B4728EB00408FDC5.e.4")&gt;'</msg>
<arg>arguments[0].value='jack'</arg>
<arg>ARGUMENTS</arg>
<arg>${ele}</arg>
<doc>Executes the given JavaScript code with possible arguments.</doc>
<status status="PASS" start="2026-04-01T14:38:30.906806" elapsed="0.009477"/>
</kw>
<kw name="Sleep" owner="BuiltIn">
<msg time="2026-04-01T14:38:33.917890" level="INFO">Slept 3 seconds.</msg>
<arg>3s</arg>
<doc>Pauses the test executed for the given time.</doc>
<status status="PASS" start="2026-04-01T14:38:30.916588" elapsed="3.001624"/>
</kw>
<kw name="Close Browser" owner="SeleniumLibrary">
<doc>Closes the current browser.</doc>
<status status="PASS" start="2026-04-01T14:38:33.918442" elapsed="2.291817"/>
</kw>
<status status="PASS" start="2026-04-01T14:38:15.015184" elapsed="21.195428"/>
</test>
<status status="PASS" start="2026-04-01T14:38:14.711405" elapsed="21.499992"/>
</suite>
<statistics>
<total>
<stat pass="1" fail="0" skip="0">All Tests</stat>
</total>
<tag>
</tag>
<suite>
<stat name="Demo5 Advance Suite" id="s1" pass="1" fail="0" skip="0">Demo5 Advance Suite</stat>
</suite>
</statistics>
<errors>
</errors>
</robot>
