<?xml version="1.0" encoding="UTF-8"?>
<robot generator="Robot 7.4.2 (Python 3.14.3 on win32)" generated="2026-04-02T16:58:37.073058" rpa="false" schemaversion="5">
<suite id="s1" name="Demo1" source="C:\AutomationSession\AutomationProject\demo7_autoit\demo1.robot">
<test id="s1-t1" name="TC1" line="5">
<kw name="Sleep" owner="BuiltIn">
<msg time="2026-04-02T16:58:42.267156" level="INFO">Slept 5 seconds.</msg>
<arg>5s</arg>
<doc>Pauses the test executed for the given time.</doc>
<status status="PASS" start="2026-04-02T16:58:37.265976" elapsed="5.002622"/>
</kw>
<kw name="Send" owner="AutoItLibrary">
<arg>HELLO</arg>
<doc>method Send</doc>
<status status="PASS" start="2026-04-02T16:58:42.268844" elapsed="0.102901"/>
</kw>
<kw name="Sleep" owner="BuiltIn">
<msg time="2026-04-02T16:58:47.373223" level="INFO">Slept 5 seconds.</msg>
<arg>5s</arg>
<doc>Pauses the test executed for the given time.</doc>
<status status="PASS" start="2026-04-02T16:58:42.372039" elapsed="5.001443"/>
</kw>
<kw name="Send" owner="AutoItLibrary">
<arg>HELLO</arg>
<doc>method Send</doc>
<status status="PASS" start="2026-04-02T16:58:47.373664" elapsed="0.102774"/>
</kw>
<status status="PASS" start="2026-04-02T16:58:37.262857" elapsed="10.213873"/>
</test>
<status status="PASS" start="2026-04-02T16:58:37.094278" elapsed="10.383014"/>
</suite>
<statistics>
<total>
<stat pass="1" fail="0" skip="0">All Tests</stat>
</total>
<tag>
</tag>
<suite>
<stat name="Demo1" id="s1" pass="1" fail="0" skip="0">Demo1</stat>
</suite>
</statistics>
<errors>
</errors>
</robot>
